0 info it worked if it ends with ok
1 verbose cli [ 'C:\\Program Files\\nodejs\\node.exe',
1 verbose cli   'C:\\Program Files\\nodejs\\node_modules\\npm\\bin\\npm-cli.js',
1 verbose cli   'start' ]
2 info using npm@3.10.8
3 info using node@v6.9.1
4 verbose run-script [ 'prestart', 'start', 'poststart' ]
5 info lifecycle shopping-cart@0.0.0~prestart: shopping-cart@0.0.0
6 silly lifecycle shopping-cart@0.0.0~prestart: no script for prestart, continuing
7 info lifecycle shopping-cart@0.0.0~start: shopping-cart@0.0.0
8 verbose lifecycle shopping-cart@0.0.0~start: unsafe-perm in lifecycle true
9 verbose lifecycle shopping-cart@0.0.0~start: PATH: C:\Program Files\nodejs\node_modules\npm\bin\node-gyp-bin;C:\Tutorials\Big-Data-Project---Online-Store\shopping-cart\node_modules\.bin;C:\Program Files (x86)\Google\Chrome\Application;C:\oraclexe\app\oracle\product\11.2.0\server\bin;C:\ProgramData\Oracle\Java\javapath;C:\Program Files (x86)\Intel\iCLS Client\;C:\Program Files\Intel\iCLS Client\;C:\WINDOWS\system32;C:\WINDOWS;C:\WINDOWS\System32\Wbem;C:\WINDOWS\System32\WindowsPowerShell\v1.0\;C:\Program Files (x86)\Intel\Intel(R) Management Engine Components\DAL;C:\Program Files\Intel\Intel(R) Management Engine Components\DAL;C:\Program Files (x86)\Intel\Intel(R) Management Engine Components\IPT;C:\Program Files\Intel\Intel(R) Management Engine Components\IPT;C:\Program Files\Intel\WiFi\bin\;C:\Program Files\Common Files\Intel\WirelessCommon\;C:\Program Files\Java\jdk1.8.0_111\jre;C:\Program Files (x86)\PharosSystems\Core;C:\Program Files (x86)\Windows Live\Shared;C:\Program Files\Git\cmd;C:\Softwares\apache-tomcat-6.0.47;C:\oraclexe\app\oracle\product\11.2.0\server\bin;C:\Program Files (x86)\Windows Kits\8.1\Windows Performance Toolkit\;C:\Program Files\nodejs\;C:\Program Files\MySQL\MySQL Server 5.7\bin;C:\Program Files\MySQL\MySQL Utilities 1.6\;C:\Program Files\MiKTeX 2.9\miktex\bin\x64\;C:\Program Files (x86)\PuTTY\;C:\Program Files (x86)\Pandoc\;C:\Program Files\MongoDB\Server\3.4\bin;C:\WINDOWS\system32;C:\Program Files (x86)\Notepad++;C:\Users\deepe\Anaconda3;C:\Users\deepe\Anaconda3\Scripts;C:\Users\deepe\Anaconda3\Library\bin;C:\Users\deepe\AppData\Local\Microsoft\WindowsApps;C:\Users\deepe\AppData\Roaming\npm
10 verbose lifecycle shopping-cart@0.0.0~start: CWD: C:\Tutorials\Big-Data-Project---Online-Store\shopping-cart
11 silly lifecycle shopping-cart@0.0.0~start: Args: [ '/d /s /c', 'node ./bin/www' ]
12 verbose stack Error: kill ENOSYS
12 verbose stack     at exports._errnoException (util.js:1026:11)
12 verbose stack     at process.kill (internal/process.js:172:13)
12 verbose stack     at process.listener (C:\Program Files\nodejs\node_modules\npm\node_modules\npmlog\node_modules\gauge\node_modules\signal-exit\index.js:86:15)
12 verbose stack     at emitNone (events.js:91:20)
12 verbose stack     at process.emit (events.js:185:7)
12 verbose stack     at processEmit (C:\Program Files\nodejs\node_modules\npm\node_modules\npmlog\node_modules\gauge\node_modules\signal-exit\index.js:146:32)
12 verbose stack     at processEmit (C:\Program Files\nodejs\node_modules\npm\node_modules\npm-registry-client\node_modules\npmlog\node_modules\gauge\node_modules\signal-exit\index.js:146:32)
12 verbose stack     at Signal.wrap.onsignal (internal/process.js:199:44)
13 verbose cwd C:\Tutorials\Big-Data-Project---Online-Store\shopping-cart
14 error Windows_NT 10.0.14393
15 error argv "C:\\Program Files\\nodejs\\node.exe" "C:\\Program Files\\nodejs\\node_modules\\npm\\bin\\npm-cli.js" "start"
16 error node v6.9.1
17 error npm  v3.10.8
18 error code ENOSYS
19 error errno ENOSYS
20 error syscall kill
21 error kill ENOSYS
22 error If you need help, you may report this error at:
22 error     <https://github.com/npm/npm/issues>
23 verbose exit [ 1, true ]
