[2017-04-25T14:15:41,895][INFO ][o.e.n.Node               ] [] initializing ...
[2017-04-25T14:15:42,309][INFO ][o.e.e.NodeEnvironment    ] [_oN5iEd] using [1] data paths, mounts [[OS (C:)]], net usable_space [400.2gb], net total_space [837.5gb], spins? [unknown], types [NTFS]
[2017-04-25T14:15:42,310][INFO ][o.e.e.NodeEnvironment    ] [_oN5iEd] heap size [1.9gb], compressed ordinary object pointers [true]
[2017-04-25T14:15:42,673][INFO ][o.e.n.Node               ] node name [_oN5iEd] derived from node ID [_oN5iEdGT0mkN7eV1rPrTg]; set [node.name] to override
[2017-04-25T14:15:42,673][INFO ][o.e.n.Node               ] version[5.3.0], pid[13236], build[3adb13b/2017-03-23T03:31:50.652Z], OS[Windows 10/10.0/amd64], JVM[Oracle Corporation/Java HotSpot(TM) 64-Bit Server VM/1.8.0_111/25.111-b14]
[2017-04-25T14:15:45,571][INFO ][o.e.p.PluginsService     ] [_oN5iEd] loaded module [aggs-matrix-stats]
[2017-04-25T14:15:45,571][INFO ][o.e.p.PluginsService     ] [_oN5iEd] loaded module [ingest-common]
[2017-04-25T14:15:45,574][INFO ][o.e.p.PluginsService     ] [_oN5iEd] loaded module [lang-expression]
[2017-04-25T14:15:45,575][INFO ][o.e.p.PluginsService     ] [_oN5iEd] loaded module [lang-groovy]
[2017-04-25T14:15:45,576][INFO ][o.e.p.PluginsService     ] [_oN5iEd] loaded module [lang-mustache]
[2017-04-25T14:15:45,578][INFO ][o.e.p.PluginsService     ] [_oN5iEd] loaded module [lang-painless]
[2017-04-25T14:15:45,580][INFO ][o.e.p.PluginsService     ] [_oN5iEd] loaded module [percolator]
[2017-04-25T14:15:45,581][INFO ][o.e.p.PluginsService     ] [_oN5iEd] loaded module [reindex]
[2017-04-25T14:15:45,585][INFO ][o.e.p.PluginsService     ] [_oN5iEd] loaded module [transport-netty3]
[2017-04-25T14:15:45,586][INFO ][o.e.p.PluginsService     ] [_oN5iEd] loaded module [transport-netty4]
[2017-04-25T14:15:45,587][INFO ][o.e.p.PluginsService     ] [_oN5iEd] no plugins loaded
[2017-04-25T14:15:52,791][INFO ][o.e.n.Node               ] initialized
[2017-04-25T14:15:52,795][INFO ][o.e.n.Node               ] [_oN5iEd] starting ...
[2017-04-25T14:15:54,738][INFO ][o.e.t.TransportService   ] [_oN5iEd] publish_address {127.0.0.1:9300}, bound_addresses {127.0.0.1:9300}, {[::1]:9300}
[2017-04-25T14:15:57,984][INFO ][o.e.c.s.ClusterService   ] [_oN5iEd] new_master {_oN5iEd}{_oN5iEdGT0mkN7eV1rPrTg}{stHZNMw_RBaS3YdQE5Ue3A}{127.0.0.1}{127.0.0.1:9300}, reason: zen-disco-elected-as-master ([0] nodes joined)
[2017-04-25T14:15:58,599][INFO ][o.e.h.n.Netty4HttpServerTransport] [_oN5iEd] publish_address {127.0.0.1:9200}, bound_addresses {127.0.0.1:9200}, {[::1]:9200}
[2017-04-25T14:15:58,728][INFO ][o.e.n.Node               ] [_oN5iEd] started
[2017-04-25T14:15:58,900][INFO ][o.e.g.GatewayService     ] [_oN5iEd] recovered [2] indices into cluster_state
[2017-04-25T14:16:02,463][INFO ][o.e.c.r.a.AllocationService] [_oN5iEd] Cluster health status changed from [RED] to [YELLOW] (reason: [shards started [[schools][4], [schools][3], [movies][3], [schools][0]] ...]).
[2017-04-25T14:36:04,955][INFO ][o.e.n.Node               ] [_oN5iEd] stopping ...
[2017-04-25T14:36:05,011][INFO ][o.e.n.Node               ] [_oN5iEd] stopped
[2017-04-25T14:36:05,012][INFO ][o.e.n.Node               ] [_oN5iEd] closing ...
[2017-04-25T14:36:05,022][INFO ][o.e.n.Node               ] [_oN5iEd] closed
[2017-04-25T14:36:10,810][INFO ][o.e.n.Node               ] [] initializing ...
[2017-04-25T14:36:10,970][INFO ][o.e.e.NodeEnvironment    ] [_oN5iEd] using [1] data paths, mounts [[OS (C:)]], net usable_space [400.2gb], net total_space [837.5gb], spins? [unknown], types [NTFS]
[2017-04-25T14:36:10,971][INFO ][o.e.e.NodeEnvironment    ] [_oN5iEd] heap size [1.9gb], compressed ordinary object pointers [true]
[2017-04-25T14:36:11,134][INFO ][o.e.n.Node               ] node name [_oN5iEd] derived from node ID [_oN5iEdGT0mkN7eV1rPrTg]; set [node.name] to override
[2017-04-25T14:36:11,135][INFO ][o.e.n.Node               ] version[5.3.0], pid[6212], build[3adb13b/2017-03-23T03:31:50.652Z], OS[Windows 10/10.0/amd64], JVM[Oracle Corporation/Java HotSpot(TM) 64-Bit Server VM/1.8.0_111/25.111-b14]
[2017-04-25T14:36:12,735][INFO ][o.e.p.PluginsService     ] [_oN5iEd] loaded module [aggs-matrix-stats]
[2017-04-25T14:36:12,736][INFO ][o.e.p.PluginsService     ] [_oN5iEd] loaded module [ingest-common]
[2017-04-25T14:36:12,739][INFO ][o.e.p.PluginsService     ] [_oN5iEd] loaded module [lang-expression]
[2017-04-25T14:36:12,740][INFO ][o.e.p.PluginsService     ] [_oN5iEd] loaded module [lang-groovy]
[2017-04-25T14:36:12,741][INFO ][o.e.p.PluginsService     ] [_oN5iEd] loaded module [lang-mustache]
[2017-04-25T14:36:12,742][INFO ][o.e.p.PluginsService     ] [_oN5iEd] loaded module [lang-painless]
[2017-04-25T14:36:12,742][INFO ][o.e.p.PluginsService     ] [_oN5iEd] loaded module [percolator]
[2017-04-25T14:36:12,744][INFO ][o.e.p.PluginsService     ] [_oN5iEd] loaded module [reindex]
[2017-04-25T14:36:12,745][INFO ][o.e.p.PluginsService     ] [_oN5iEd] loaded module [transport-netty3]
[2017-04-25T14:36:12,748][INFO ][o.e.p.PluginsService     ] [_oN5iEd] loaded module [transport-netty4]
[2017-04-25T14:36:12,751][INFO ][o.e.p.PluginsService     ] [_oN5iEd] no plugins loaded
[2017-04-25T14:36:16,948][INFO ][o.e.n.Node               ] initialized
[2017-04-25T14:36:16,949][INFO ][o.e.n.Node               ] [_oN5iEd] starting ...
[2017-04-25T14:36:17,718][INFO ][o.e.t.TransportService   ] [_oN5iEd] publish_address {127.0.0.1:9300}, bound_addresses {127.0.0.1:9300}, {[::1]:9300}
[2017-04-25T14:36:20,769][INFO ][o.e.c.s.ClusterService   ] [_oN5iEd] new_master {_oN5iEd}{_oN5iEdGT0mkN7eV1rPrTg}{S4axXTRjTfaOpgw0QYcs2g}{127.0.0.1}{127.0.0.1:9300}, reason: zen-disco-elected-as-master ([0] nodes joined)
[2017-04-25T14:36:21,342][INFO ][o.e.g.GatewayService     ] [_oN5iEd] recovered [2] indices into cluster_state
[2017-04-25T14:36:21,478][INFO ][o.e.h.n.Netty4HttpServerTransport] [_oN5iEd] publish_address {127.0.0.1:9200}, bound_addresses {127.0.0.1:9200}, {[::1]:9200}
[2017-04-25T14:36:21,491][INFO ][o.e.n.Node               ] [_oN5iEd] started
[2017-04-25T14:36:23,922][INFO ][o.e.c.r.a.AllocationService] [_oN5iEd] Cluster health status changed from [RED] to [YELLOW] (reason: [shards started [[schools][0]] ...]).
[2017-04-25T17:15:17,204][INFO ][o.e.b.Bootstrap          ] running graceful exit on windows
[2017-04-25T17:15:17,221][INFO ][o.e.n.Node               ] [_oN5iEd] stopping ...
[2017-04-25T17:15:17,284][INFO ][o.e.n.Node               ] [_oN5iEd] stopped
[2017-04-25T17:15:17,285][INFO ][o.e.n.Node               ] [_oN5iEd] closing ...
[2017-04-25T17:15:17,303][INFO ][o.e.n.Node               ] [_oN5iEd] closed
[2017-04-25T17:15:33,860][INFO ][o.e.n.Node               ] [] initializing ...
[2017-04-25T17:15:33,997][INFO ][o.e.e.NodeEnvironment    ] [_oN5iEd] using [1] data paths, mounts [[OS (C:)]], net usable_space [399.9gb], net total_space [837.5gb], spins? [unknown], types [NTFS]
[2017-04-25T17:15:33,998][INFO ][o.e.e.NodeEnvironment    ] [_oN5iEd] heap size [1.9gb], compressed ordinary object pointers [true]
[2017-04-25T17:15:34,136][INFO ][o.e.n.Node               ] node name [_oN5iEd] derived from node ID [_oN5iEdGT0mkN7eV1rPrTg]; set [node.name] to override
[2017-04-25T17:15:34,137][INFO ][o.e.n.Node               ] version[5.3.0], pid[1044], build[3adb13b/2017-03-23T03:31:50.652Z], OS[Windows 10/10.0/amd64], JVM[Oracle Corporation/Java HotSpot(TM) 64-Bit Server VM/1.8.0_111/25.111-b14]
[2017-04-25T17:15:35,626][INFO ][o.e.p.PluginsService     ] [_oN5iEd] loaded module [aggs-matrix-stats]
[2017-04-25T17:15:35,627][INFO ][o.e.p.PluginsService     ] [_oN5iEd] loaded module [ingest-common]
[2017-04-25T17:15:35,631][INFO ][o.e.p.PluginsService     ] [_oN5iEd] loaded module [lang-expression]
[2017-04-25T17:15:35,632][INFO ][o.e.p.PluginsService     ] [_oN5iEd] loaded module [lang-groovy]
[2017-04-25T17:15:35,634][INFO ][o.e.p.PluginsService     ] [_oN5iEd] loaded module [lang-mustache]
[2017-04-25T17:15:35,637][INFO ][o.e.p.PluginsService     ] [_oN5iEd] loaded module [lang-painless]
[2017-04-25T17:15:35,637][INFO ][o.e.p.PluginsService     ] [_oN5iEd] loaded module [percolator]
[2017-04-25T17:15:35,641][INFO ][o.e.p.PluginsService     ] [_oN5iEd] loaded module [reindex]
[2017-04-25T17:15:35,645][INFO ][o.e.p.PluginsService     ] [_oN5iEd] loaded module [transport-netty3]
[2017-04-25T17:15:35,648][INFO ][o.e.p.PluginsService     ] [_oN5iEd] loaded module [transport-netty4]
[2017-04-25T17:15:35,649][INFO ][o.e.p.PluginsService     ] [_oN5iEd] no plugins loaded
[2017-04-25T17:15:39,293][INFO ][o.e.n.Node               ] initialized
[2017-04-25T17:15:39,293][INFO ][o.e.n.Node               ] [_oN5iEd] starting ...
[2017-04-25T17:15:39,960][INFO ][o.e.t.TransportService   ] [_oN5iEd] publish_address {127.0.0.1:9300}, bound_addresses {127.0.0.1:9300}, {[::1]:9300}
[2017-04-25T17:15:43,012][INFO ][o.e.c.s.ClusterService   ] [_oN5iEd] new_master {_oN5iEd}{_oN5iEdGT0mkN7eV1rPrTg}{XuQbVzY4SBSsUqIXEoBLKw}{127.0.0.1}{127.0.0.1:9300}, reason: zen-disco-elected-as-master ([0] nodes joined)
[2017-04-25T17:15:43,376][INFO ][o.e.g.GatewayService     ] [_oN5iEd] recovered [2] indices into cluster_state
[2017-04-25T17:15:43,570][INFO ][o.e.h.n.Netty4HttpServerTransport] [_oN5iEd] publish_address {127.0.0.1:9200}, bound_addresses {127.0.0.1:9200}, {[::1]:9200}
[2017-04-25T17:15:43,597][INFO ][o.e.n.Node               ] [_oN5iEd] started
[2017-04-25T17:15:45,465][INFO ][o.e.c.r.a.AllocationService] [_oN5iEd] Cluster health status changed from [RED] to [YELLOW] (reason: [shards started [[schools][4]] ...]).
[2017-04-25T17:52:38,306][INFO ][o.e.c.m.MetaDataCreateIndexService] [_oN5iEd] [products] creating index, cause [auto(bulk api)], templates [], shards [5]/[1], mappings []
[2017-04-25T17:52:40,039][INFO ][o.e.c.m.MetaDataMappingService] [_oN5iEd] [products/EAbeIf5vSRCr5P4bSalSrA] create_mapping [product]
[2017-04-25T18:18:40,613][INFO ][o.e.c.m.MetaDataCreateIndexService] [_oN5iEd] [posts] creating index, cause [auto(bulk api)], templates [], shards [5]/[1], mappings []
[2017-04-25T18:18:42,330][INFO ][o.e.c.m.MetaDataMappingService] [_oN5iEd] [posts/orGrGiKbTmCOZAZ7E8bEhQ] create_mapping [blog]
[2017-04-25T22:22:51,660][INFO ][o.e.n.Node               ] [] initializing ...
[2017-04-25T22:22:51,928][INFO ][o.e.e.NodeEnvironment    ] [_oN5iEd] using [1] data paths, mounts [[OS (C:)]], net usable_space [408.4gb], net total_space [837.5gb], spins? [unknown], types [NTFS]
[2017-04-25T22:22:51,928][INFO ][o.e.e.NodeEnvironment    ] [_oN5iEd] heap size [1.9gb], compressed ordinary object pointers [true]
[2017-04-25T22:22:52,176][INFO ][o.e.n.Node               ] node name [_oN5iEd] derived from node ID [_oN5iEdGT0mkN7eV1rPrTg]; set [node.name] to override
[2017-04-25T22:22:52,176][INFO ][o.e.n.Node               ] version[5.3.0], pid[1164], build[3adb13b/2017-03-23T03:31:50.652Z], OS[Windows 10/10.0/amd64], JVM[Oracle Corporation/Java HotSpot(TM) 64-Bit Server VM/1.8.0_111/25.111-b14]
[2017-04-25T22:22:54,530][INFO ][o.e.p.PluginsService     ] [_oN5iEd] loaded module [aggs-matrix-stats]
[2017-04-25T22:22:54,531][INFO ][o.e.p.PluginsService     ] [_oN5iEd] loaded module [ingest-common]
[2017-04-25T22:22:54,531][INFO ][o.e.p.PluginsService     ] [_oN5iEd] loaded module [lang-expression]
[2017-04-25T22:22:54,531][INFO ][o.e.p.PluginsService     ] [_oN5iEd] loaded module [lang-groovy]
[2017-04-25T22:22:54,531][INFO ][o.e.p.PluginsService     ] [_oN5iEd] loaded module [lang-mustache]
[2017-04-25T22:22:54,532][INFO ][o.e.p.PluginsService     ] [_oN5iEd] loaded module [lang-painless]
[2017-04-25T22:22:54,532][INFO ][o.e.p.PluginsService     ] [_oN5iEd] loaded module [percolator]
[2017-04-25T22:22:54,533][INFO ][o.e.p.PluginsService     ] [_oN5iEd] loaded module [reindex]
[2017-04-25T22:22:54,534][INFO ][o.e.p.PluginsService     ] [_oN5iEd] loaded module [transport-netty3]
[2017-04-25T22:22:54,535][INFO ][o.e.p.PluginsService     ] [_oN5iEd] loaded module [transport-netty4]
[2017-04-25T22:22:54,536][INFO ][o.e.p.PluginsService     ] [_oN5iEd] no plugins loaded
[2017-04-25T22:22:59,485][INFO ][o.e.n.Node               ] initialized
[2017-04-25T22:22:59,485][INFO ][o.e.n.Node               ] [_oN5iEd] starting ...
[2017-04-25T22:23:00,603][INFO ][o.e.t.TransportService   ] [_oN5iEd] publish_address {127.0.0.1:9300}, bound_addresses {127.0.0.1:9300}, {[::1]:9300}
[2017-04-25T22:23:03,692][INFO ][o.e.c.s.ClusterService   ] [_oN5iEd] new_master {_oN5iEd}{_oN5iEdGT0mkN7eV1rPrTg}{nrFFaSKbTXaxmGNoUBL1sw}{127.0.0.1}{127.0.0.1:9300}, reason: zen-disco-elected-as-master ([0] nodes joined)
[2017-04-25T22:23:04,344][INFO ][o.e.h.n.Netty4HttpServerTransport] [_oN5iEd] publish_address {127.0.0.1:9200}, bound_addresses {127.0.0.1:9200}, {[::1]:9200}
[2017-04-25T22:23:04,513][INFO ][o.e.n.Node               ] [_oN5iEd] started
[2017-04-25T22:23:04,513][INFO ][o.e.g.GatewayService     ] [_oN5iEd] recovered [4] indices into cluster_state
[2017-04-25T22:23:09,965][INFO ][o.e.c.r.a.AllocationService] [_oN5iEd] Cluster health status changed from [RED] to [YELLOW] (reason: [shards started [[schools][0]] ...]).
[2017-04-25T22:24:44,950][INFO ][o.e.c.m.MetaDataCreateIndexService] [_oN5iEd] [shopping] creating index, cause [auto(bulk api)], templates [], shards [5]/[1], mappings []
[2017-04-25T22:24:46,615][DEBUG][o.e.a.b.TransportShardBulkAction] [_oN5iEd] [shopping][3] failed to execute bulk item (index) BulkShardRequest [[shopping][3]] containing [index {[shopping][products][1], source[{      "_id" : ObjectId("58fc43092f1f9e204448fd89"),      "Origin" : "China",      "ASIN" : "B00ISQI54G",      "ItemWeight" : "0.3 ounces",      "description" : "Wooku Mobile Phone Holder Mount Clip Buckle Socket Hands Free on Car Steering Wheel for iPhone 5/5G/ 4/4S,HTC, Samsung Galaxy, PDA and Smart Cellphones",      "title" : "Wooku Mobile Phone Holder Mount Clip Buckle Socket Hands Free on Car Steering Wheel for iPhone 5/5G/ 4/4S,HTC, Samsung Galaxy, PDA and Smart Cellphones",      "price" : "$1.69",      "imgPath" : "https://images-na.ssl-images-amazon.com/images/I/51J7xrc80OL._SY300_QL70_.jpg",      "ShippingWeight" : "0.3 ounces (",      "CustomerReviews" : "3.1 out of 5 stars",      "BestSellersRank" : "",      "Californiaresidents" : "",      "Department" : "Womens",      "ProductDimensions" : "4.7 x 2 x 1.2 inches",      "Itemmodelnumber" : "pingtin qin",      "categories" : "Cell Phones & Accessories",      "Manufacturer" : "Wooku"  }]}]
org.elasticsearch.index.mapper.MapperParsingException: failed to parse
	at org.elasticsearch.index.mapper.DocumentParser.wrapInMapperParsingException(DocumentParser.java:176) ~[elasticsearch-5.3.0.jar:5.3.0]
	at org.elasticsearch.index.mapper.DocumentParser.parseDocument(DocumentParser.java:69) ~[elasticsearch-5.3.0.jar:5.3.0]
	at org.elasticsearch.index.mapper.DocumentMapper.parse(DocumentMapper.java:277) ~[elasticsearch-5.3.0.jar:5.3.0]
	at org.elasticsearch.index.shard.IndexShard.prepareIndex(IndexShard.java:532) ~[elasticsearch-5.3.0.jar:5.3.0]
	at org.elasticsearch.index.shard.IndexShard.prepareIndexOnPrimary(IndexShard.java:509) ~[elasticsearch-5.3.0.jar:5.3.0]
	at org.elasticsearch.action.bulk.TransportShardBulkAction.prepareIndexOperationOnPrimary(TransportShardBulkAction.java:447) ~[elasticsearch-5.3.0.jar:5.3.0]
	at org.elasticsearch.action.bulk.TransportShardBulkAction.executeIndexRequestOnPrimary(TransportShardBulkAction.java:455) ~[elasticsearch-5.3.0.jar:5.3.0]
	at org.elasticsearch.action.bulk.TransportShardBulkAction.executeBulkItemRequest(TransportShardBulkAction.java:143) [elasticsearch-5.3.0.jar:5.3.0]
	at org.elasticsearch.action.bulk.TransportShardBulkAction.shardOperationOnPrimary(TransportShardBulkAction.java:113) [elasticsearch-5.3.0.jar:5.3.0]
	at org.elasticsearch.action.bulk.TransportShardBulkAction.shardOperationOnPrimary(TransportShardBulkAction.java:69) [elasticsearch-5.3.0.jar:5.3.0]
	at org.elasticsearch.action.support.replication.TransportReplicationAction$PrimaryShardReference.perform(TransportReplicationAction.java:939) [elasticsearch-5.3.0.jar:5.3.0]
	at org.elasticsearch.action.support.replication.TransportReplicationAction$PrimaryShardReference.perform(TransportReplicationAction.java:908) [elasticsearch-5.3.0.jar:5.3.0]
	at org.elasticsearch.action.support.replication.ReplicationOperation.execute(ReplicationOperation.java:113) [elasticsearch-5.3.0.jar:5.3.0]
	at org.elasticsearch.action.support.replication.TransportReplicationAction$AsyncPrimaryAction.onResponse(TransportReplicationAction.java:322) [elasticsearch-5.3.0.jar:5.3.0]
	at org.elasticsearch.action.support.replication.TransportReplicationAction$AsyncPrimaryAction.onResponse(TransportReplicationAction.java:264) [elasticsearch-5.3.0.jar:5.3.0]
	at org.elasticsearch.action.support.replication.TransportReplicationAction$1.onResponse(TransportReplicationAction.java:888) [elasticsearch-5.3.0.jar:5.3.0]
	at org.elasticsearch.action.support.replication.TransportReplicationAction$1.onResponse(TransportReplicationAction.java:885) [elasticsearch-5.3.0.jar:5.3.0]
	at org.elasticsearch.index.shard.IndexShardOperationsLock.acquire(IndexShardOperationsLock.java:147) [elasticsearch-5.3.0.jar:5.3.0]
	at org.elasticsearch.index.shard.IndexShard.acquirePrimaryOperationLock(IndexShard.java:1654) [elasticsearch-5.3.0.jar:5.3.0]
	at org.elasticsearch.action.support.replication.TransportReplicationAction.acquirePrimaryShardReference(TransportReplicationAction.java:897) [elasticsearch-5.3.0.jar:5.3.0]
	at org.elasticsearch.action.support.replication.TransportReplicationAction.access$400(TransportReplicationAction.java:93) [elasticsearch-5.3.0.jar:5.3.0]
	at org.elasticsearch.action.support.replication.TransportReplicationAction$AsyncPrimaryAction.doRun(TransportReplicationAction.java:281) [elasticsearch-5.3.0.jar:5.3.0]
	at org.elasticsearch.common.util.concurrent.AbstractRunnable.run(AbstractRunnable.java:37) [elasticsearch-5.3.0.jar:5.3.0]
	at org.elasticsearch.action.support.replication.TransportReplicationAction$PrimaryOperationTransportHandler.messageReceived(TransportReplicationAction.java:260) [elasticsearch-5.3.0.jar:5.3.0]
	at org.elasticsearch.action.support.replication.TransportReplicationAction$PrimaryOperationTransportHandler.messageReceived(TransportReplicationAction.java:252) [elasticsearch-5.3.0.jar:5.3.0]
	at org.elasticsearch.transport.RequestHandlerRegistry.processMessageReceived(RequestHandlerRegistry.java:69) [elasticsearch-5.3.0.jar:5.3.0]
	at org.elasticsearch.transport.TransportService$7.doRun(TransportService.java:618) [elasticsearch-5.3.0.jar:5.3.0]
	at org.elasticsearch.common.util.concurrent.ThreadContext$ContextPreservingAbstractRunnable.doRun(ThreadContext.java:613) [elasticsearch-5.3.0.jar:5.3.0]
	at org.elasticsearch.common.util.concurrent.AbstractRunnable.run(AbstractRunnable.java:37) [elasticsearch-5.3.0.jar:5.3.0]
	at java.util.concurrent.ThreadPoolExecutor.runWorker(ThreadPoolExecutor.java:1142) [?:1.8.0_111]
	at java.util.concurrent.ThreadPoolExecutor$Worker.run(ThreadPoolExecutor.java:617) [?:1.8.0_111]
	at java.lang.Thread.run(Thread.java:745) [?:1.8.0_111]
Caused by: com.fasterxml.jackson.core.JsonParseException: Unrecognized token 'ObjectId': was expecting ('true', 'false' or 'null')
 at [Source: org.elasticsearch.common.bytes.BytesReference$MarkSupportingStreamInputWrapper@425927bd; line: 1, column: 25]
	at com.fasterxml.jackson.core.JsonParser._constructError(JsonParser.java:1702) ~[jackson-core-2.8.6.jar:2.8.6]
	at com.fasterxml.jackson.core.base.ParserMinimalBase._reportError(ParserMinimalBase.java:558) ~[jackson-core-2.8.6.jar:2.8.6]
	at com.fasterxml.jackson.core.json.UTF8StreamJsonParser._reportInvalidToken(UTF8StreamJsonParser.java:3528) ~[jackson-core-2.8.6.jar:2.8.6]
	at com.fasterxml.jackson.core.json.UTF8StreamJsonParser._handleUnexpectedValue(UTF8StreamJsonParser.java:2686) ~[jackson-core-2.8.6.jar:2.8.6]
	at com.fasterxml.jackson.core.json.UTF8StreamJsonParser.nextToken(UTF8StreamJsonParser.java:832) ~[jackson-core-2.8.6.jar:2.8.6]
	at org.elasticsearch.common.xcontent.json.JsonXContentParser.nextToken(JsonXContentParser.java:55) ~[elasticsearch-5.3.0.jar:5.3.0]
	at org.elasticsearch.index.mapper.DocumentParser.isEmptyDoc(DocumentParser.java:131) ~[elasticsearch-5.3.0.jar:5.3.0]
	at org.elasticsearch.index.mapper.DocumentParser.internalParseDocument(DocumentParser.java:83) ~[elasticsearch-5.3.0.jar:5.3.0]
	at org.elasticsearch.index.mapper.DocumentParser.parseDocument(DocumentParser.java:66) ~[elasticsearch-5.3.0.jar:5.3.0]
	... 30 more
[2017-04-25T22:28:22,400][INFO ][o.e.c.m.MetaDataMappingService] [_oN5iEd] [shopping/u14F0yOVQ1ee59ihTvUJUw] create_mapping [products]
[2017-04-25T22:28:22,732][DEBUG][o.e.a.b.TransportShardBulkAction] [_oN5iEd] [shopping][2] failed to execute bulk item (index) BulkShardRequest [[shopping][2]] containing [index {[shopping][products][2], source[{      "_id" : ObjectId("58fc430c2f1f9e204448fd8a"),      "ASIN" : "B015C03SI8",      "description" : "",      "title" : "Bike Mount, Ipow Universal Cell Phone Bicycle Rack Handlebar & Motorcycle Holder Cradle for iPhone 6 6(+) 6S 6S plus 5S 5C, Samsung Galaxy S3 S4 S5 S6 S7 Note 3/4/5,Nexus,HTC,LG,BlackBerry,Black",      "price" : "",      "imgPath" : "https://images-na.ssl-images-amazon.com/images/I/51hL-X8I4-L._SY300_QL70_.jpg",      "categories" : "Cell Phones & Accessories"  }]}]
org.elasticsearch.index.mapper.MapperParsingException: failed to parse
	at org.elasticsearch.index.mapper.DocumentParser.wrapInMapperParsingException(DocumentParser.java:176) ~[elasticsearch-5.3.0.jar:5.3.0]
	at org.elasticsearch.index.mapper.DocumentParser.parseDocument(DocumentParser.java:69) ~[elasticsearch-5.3.0.jar:5.3.0]
	at org.elasticsearch.index.mapper.DocumentMapper.parse(DocumentMapper.java:277) ~[elasticsearch-5.3.0.jar:5.3.0]
	at org.elasticsearch.index.shard.IndexShard.prepareIndex(IndexShard.java:532) ~[elasticsearch-5.3.0.jar:5.3.0]
	at org.elasticsearch.index.shard.IndexShard.prepareIndexOnPrimary(IndexShard.java:509) ~[elasticsearch-5.3.0.jar:5.3.0]
	at org.elasticsearch.action.bulk.TransportShardBulkAction.prepareIndexOperationOnPrimary(TransportShardBulkAction.java:447) ~[elasticsearch-5.3.0.jar:5.3.0]
	at org.elasticsearch.action.bulk.TransportShardBulkAction.executeIndexRequestOnPrimary(TransportShardBulkAction.java:455) ~[elasticsearch-5.3.0.jar:5.3.0]
	at org.elasticsearch.action.bulk.TransportShardBulkAction.executeBulkItemRequest(TransportShardBulkAction.java:143) [elasticsearch-5.3.0.jar:5.3.0]
	at org.elasticsearch.action.bulk.TransportShardBulkAction.shardOperationOnPrimary(TransportShardBulkAction.java:113) [elasticsearch-5.3.0.jar:5.3.0]
	at org.elasticsearch.action.bulk.TransportShardBulkAction.shardOperationOnPrimary(TransportShardBulkAction.java:69) [elasticsearch-5.3.0.jar:5.3.0]
	at org.elasticsearch.action.support.replication.TransportReplicationAction$PrimaryShardReference.perform(TransportReplicationAction.java:939) [elasticsearch-5.3.0.jar:5.3.0]
	at org.elasticsearch.action.support.replication.TransportReplicationAction$PrimaryShardReference.perform(TransportReplicationAction.java:908) [elasticsearch-5.3.0.jar:5.3.0]
	at org.elasticsearch.action.support.replication.ReplicationOperation.execute(ReplicationOperation.java:113) [elasticsearch-5.3.0.jar:5.3.0]
	at org.elasticsearch.action.support.replication.TransportReplicationAction$AsyncPrimaryAction.onResponse(TransportReplicationAction.java:322) [elasticsearch-5.3.0.jar:5.3.0]
	at org.elasticsearch.action.support.replication.TransportReplicationAction$AsyncPrimaryAction.onResponse(TransportReplicationAction.java:264) [elasticsearch-5.3.0.jar:5.3.0]
	at org.elasticsearch.action.support.replication.TransportReplicationAction$1.onResponse(TransportReplicationAction.java:888) [elasticsearch-5.3.0.jar:5.3.0]
	at org.elasticsearch.action.support.replication.TransportReplicationAction$1.onResponse(TransportReplicationAction.java:885) [elasticsearch-5.3.0.jar:5.3.0]
	at org.elasticsearch.index.shard.IndexShardOperationsLock.acquire(IndexShardOperationsLock.java:147) [elasticsearch-5.3.0.jar:5.3.0]
	at org.elasticsearch.index.shard.IndexShard.acquirePrimaryOperationLock(IndexShard.java:1654) [elasticsearch-5.3.0.jar:5.3.0]
	at org.elasticsearch.action.support.replication.TransportReplicationAction.acquirePrimaryShardReference(TransportReplicationAction.java:897) [elasticsearch-5.3.0.jar:5.3.0]
	at org.elasticsearch.action.support.replication.TransportReplicationAction.access$400(TransportReplicationAction.java:93) [elasticsearch-5.3.0.jar:5.3.0]
	at org.elasticsearch.action.support.replication.TransportReplicationAction$AsyncPrimaryAction.doRun(TransportReplicationAction.java:281) [elasticsearch-5.3.0.jar:5.3.0]
	at org.elasticsearch.common.util.concurrent.AbstractRunnable.run(AbstractRunnable.java:37) [elasticsearch-5.3.0.jar:5.3.0]
	at org.elasticsearch.action.support.replication.TransportReplicationAction$PrimaryOperationTransportHandler.messageReceived(TransportReplicationAction.java:260) [elasticsearch-5.3.0.jar:5.3.0]
	at org.elasticsearch.action.support.replication.TransportReplicationAction$PrimaryOperationTransportHandler.messageReceived(TransportReplicationAction.java:252) [elasticsearch-5.3.0.jar:5.3.0]
	at org.elasticsearch.transport.RequestHandlerRegistry.processMessageReceived(RequestHandlerRegistry.java:69) [elasticsearch-5.3.0.jar:5.3.0]
	at org.elasticsearch.transport.TransportService$7.doRun(TransportService.java:618) [elasticsearch-5.3.0.jar:5.3.0]
	at org.elasticsearch.common.util.concurrent.ThreadContext$ContextPreservingAbstractRunnable.doRun(ThreadContext.java:613) [elasticsearch-5.3.0.jar:5.3.0]
	at org.elasticsearch.common.util.concurrent.AbstractRunnable.run(AbstractRunnable.java:37) [elasticsearch-5.3.0.jar:5.3.0]
	at java.util.concurrent.ThreadPoolExecutor.runWorker(ThreadPoolExecutor.java:1142) [?:1.8.0_111]
	at java.util.concurrent.ThreadPoolExecutor$Worker.run(ThreadPoolExecutor.java:617) [?:1.8.0_111]
	at java.lang.Thread.run(Thread.java:745) [?:1.8.0_111]
Caused by: com.fasterxml.jackson.core.JsonParseException: Unrecognized token 'ObjectId': was expecting ('true', 'false' or 'null')
 at [Source: org.elasticsearch.common.bytes.BytesReference$MarkSupportingStreamInputWrapper@19b8e73c; line: 1, column: 25]
	at com.fasterxml.jackson.core.JsonParser._constructError(JsonParser.java:1702) ~[jackson-core-2.8.6.jar:2.8.6]
	at com.fasterxml.jackson.core.base.ParserMinimalBase._reportError(ParserMinimalBase.java:558) ~[jackson-core-2.8.6.jar:2.8.6]
	at com.fasterxml.jackson.core.json.UTF8StreamJsonParser._reportInvalidToken(UTF8StreamJsonParser.java:3528) ~[jackson-core-2.8.6.jar:2.8.6]
	at com.fasterxml.jackson.core.json.UTF8StreamJsonParser._handleUnexpectedValue(UTF8StreamJsonParser.java:2686) ~[jackson-core-2.8.6.jar:2.8.6]
	at com.fasterxml.jackson.core.json.UTF8StreamJsonParser.nextToken(UTF8StreamJsonParser.java:832) ~[jackson-core-2.8.6.jar:2.8.6]
	at org.elasticsearch.common.xcontent.json.JsonXContentParser.nextToken(JsonXContentParser.java:55) ~[elasticsearch-5.3.0.jar:5.3.0]
	at org.elasticsearch.index.mapper.DocumentParser.isEmptyDoc(DocumentParser.java:131) ~[elasticsearch-5.3.0.jar:5.3.0]
	at org.elasticsearch.index.mapper.DocumentParser.internalParseDocument(DocumentParser.java:83) ~[elasticsearch-5.3.0.jar:5.3.0]
	at org.elasticsearch.index.mapper.DocumentParser.parseDocument(DocumentParser.java:66) ~[elasticsearch-5.3.0.jar:5.3.0]
	... 30 more
[2017-04-25T22:33:34,405][DEBUG][o.e.a.b.TransportShardBulkAction] [_oN5iEd] [shopping][3] failed to execute bulk item (index) BulkShardRequest [[shopping][3]] containing [index {[shopping][products][1], source[{]}]
org.elasticsearch.index.mapper.MapperParsingException: failed to parse
	at org.elasticsearch.index.mapper.DocumentParser.wrapInMapperParsingException(DocumentParser.java:176) ~[elasticsearch-5.3.0.jar:5.3.0]
	at org.elasticsearch.index.mapper.DocumentParser.parseDocument(DocumentParser.java:69) ~[elasticsearch-5.3.0.jar:5.3.0]
	at org.elasticsearch.index.mapper.DocumentMapper.parse(DocumentMapper.java:277) ~[elasticsearch-5.3.0.jar:5.3.0]
	at org.elasticsearch.index.shard.IndexShard.prepareIndex(IndexShard.java:532) ~[elasticsearch-5.3.0.jar:5.3.0]
	at org.elasticsearch.index.shard.IndexShard.prepareIndexOnPrimary(IndexShard.java:509) ~[elasticsearch-5.3.0.jar:5.3.0]
	at org.elasticsearch.action.bulk.TransportShardBulkAction.prepareIndexOperationOnPrimary(TransportShardBulkAction.java:447) ~[elasticsearch-5.3.0.jar:5.3.0]
	at org.elasticsearch.action.bulk.TransportShardBulkAction.executeIndexRequestOnPrimary(TransportShardBulkAction.java:455) ~[elasticsearch-5.3.0.jar:5.3.0]
	at org.elasticsearch.action.bulk.TransportShardBulkAction.executeBulkItemRequest(TransportShardBulkAction.java:143) [elasticsearch-5.3.0.jar:5.3.0]
	at org.elasticsearch.action.bulk.TransportShardBulkAction.shardOperationOnPrimary(TransportShardBulkAction.java:113) [elasticsearch-5.3.0.jar:5.3.0]
	at org.elasticsearch.action.bulk.TransportShardBulkAction.shardOperationOnPrimary(TransportShardBulkAction.java:69) [elasticsearch-5.3.0.jar:5.3.0]
	at org.elasticsearch.action.support.replication.TransportReplicationAction$PrimaryShardReference.perform(TransportReplicationAction.java:939) [elasticsearch-5.3.0.jar:5.3.0]
	at org.elasticsearch.action.support.replication.TransportReplicationAction$PrimaryShardReference.perform(TransportReplicationAction.java:908) [elasticsearch-5.3.0.jar:5.3.0]
	at org.elasticsearch.action.support.replication.ReplicationOperation.execute(ReplicationOperation.java:113) [elasticsearch-5.3.0.jar:5.3.0]
	at org.elasticsearch.action.support.replication.TransportReplicationAction$AsyncPrimaryAction.onResponse(TransportReplicationAction.java:322) [elasticsearch-5.3.0.jar:5.3.0]
	at org.elasticsearch.action.support.replication.TransportReplicationAction$AsyncPrimaryAction.onResponse(TransportReplicationAction.java:264) [elasticsearch-5.3.0.jar:5.3.0]
	at org.elasticsearch.action.support.replication.TransportReplicationAction$1.onResponse(TransportReplicationAction.java:888) [elasticsearch-5.3.0.jar:5.3.0]
	at org.elasticsearch.action.support.replication.TransportReplicationAction$1.onResponse(TransportReplicationAction.java:885) [elasticsearch-5.3.0.jar:5.3.0]
	at org.elasticsearch.index.shard.IndexShardOperationsLock.acquire(IndexShardOperationsLock.java:147) [elasticsearch-5.3.0.jar:5.3.0]
	at org.elasticsearch.index.shard.IndexShard.acquirePrimaryOperationLock(IndexShard.java:1654) [elasticsearch-5.3.0.jar:5.3.0]
	at org.elasticsearch.action.support.replication.TransportReplicationAction.acquirePrimaryShardReference(TransportReplicationAction.java:897) [elasticsearch-5.3.0.jar:5.3.0]
	at org.elasticsearch.action.support.replication.TransportReplicationAction.access$400(TransportReplicationAction.java:93) [elasticsearch-5.3.0.jar:5.3.0]
	at org.elasticsearch.action.support.replication.TransportReplicationAction$AsyncPrimaryAction.doRun(TransportReplicationAction.java:281) [elasticsearch-5.3.0.jar:5.3.0]
	at org.elasticsearch.common.util.concurrent.AbstractRunnable.run(AbstractRunnable.java:37) [elasticsearch-5.3.0.jar:5.3.0]
	at org.elasticsearch.action.support.replication.TransportReplicationAction$PrimaryOperationTransportHandler.messageReceived(TransportReplicationAction.java:260) [elasticsearch-5.3.0.jar:5.3.0]
	at org.elasticsearch.action.support.replication.TransportReplicationAction$PrimaryOperationTransportHandler.messageReceived(TransportReplicationAction.java:252) [elasticsearch-5.3.0.jar:5.3.0]
	at org.elasticsearch.transport.RequestHandlerRegistry.processMessageReceived(RequestHandlerRegistry.java:69) [elasticsearch-5.3.0.jar:5.3.0]
	at org.elasticsearch.transport.TransportService$7.doRun(TransportService.java:618) [elasticsearch-5.3.0.jar:5.3.0]
	at org.elasticsearch.common.util.concurrent.ThreadContext$ContextPreservingAbstractRunnable.doRun(ThreadContext.java:613) [elasticsearch-5.3.0.jar:5.3.0]
	at org.elasticsearch.common.util.concurrent.AbstractRunnable.run(AbstractRunnable.java:37) [elasticsearch-5.3.0.jar:5.3.0]
	at java.util.concurrent.ThreadPoolExecutor.runWorker(ThreadPoolExecutor.java:1142) [?:1.8.0_111]
	at java.util.concurrent.ThreadPoolExecutor$Worker.run(ThreadPoolExecutor.java:617) [?:1.8.0_111]
	at java.lang.Thread.run(Thread.java:745) [?:1.8.0_111]
Caused by: com.fasterxml.jackson.core.io.JsonEOFException: Unexpected end-of-input: expected close marker for Object (start marker at [Source: org.elasticsearch.common.bytes.BytesReference$MarkSupportingStreamInputWrapper@7c786ccc; line: 1, column: 1])
 at [Source: org.elasticsearch.common.bytes.BytesReference$MarkSupportingStreamInputWrapper@7c786ccc; line: 1, column: 3]
	at com.fasterxml.jackson.core.base.ParserMinimalBase._reportInvalidEOF(ParserMinimalBase.java:483) ~[jackson-core-2.8.6.jar:2.8.6]
	at com.fasterxml.jackson.core.base.ParserBase._handleEOF(ParserBase.java:535) ~[jackson-core-2.8.6.jar:2.8.6]
	at com.fasterxml.jackson.core.base.ParserBase._eofAsNextChar(ParserBase.java:547) ~[jackson-core-2.8.6.jar:2.8.6]
	at com.fasterxml.jackson.core.json.UTF8StreamJsonParser._skipWSOrEnd(UTF8StreamJsonParser.java:2931) ~[jackson-core-2.8.6.jar:2.8.6]
	at com.fasterxml.jackson.core.json.UTF8StreamJsonParser.nextToken(UTF8StreamJsonParser.java:731) ~[jackson-core-2.8.6.jar:2.8.6]
	at org.elasticsearch.common.xcontent.json.JsonXContentParser.nextToken(JsonXContentParser.java:55) ~[elasticsearch-5.3.0.jar:5.3.0]
	at org.elasticsearch.index.mapper.DocumentParser.isEmptyDoc(DocumentParser.java:131) ~[elasticsearch-5.3.0.jar:5.3.0]
	at org.elasticsearch.index.mapper.DocumentParser.internalParseDocument(DocumentParser.java:83) ~[elasticsearch-5.3.0.jar:5.3.0]
	at org.elasticsearch.index.mapper.DocumentParser.parseDocument(DocumentParser.java:66) ~[elasticsearch-5.3.0.jar:5.3.0]
	... 30 more
[2017-04-25T22:36:23,063][INFO ][o.e.c.m.MetaDataMappingService] [_oN5iEd] [shopping/u14F0yOVQ1ee59ihTvUJUw] update_mapping [products]
[2017-04-25T22:36:25,430][INFO ][o.e.c.m.MetaDataMappingService] [_oN5iEd] [shopping/u14F0yOVQ1ee59ihTvUJUw] update_mapping [products]
[2017-04-25T22:36:26,408][INFO ][o.e.c.m.MetaDataMappingService] [_oN5iEd] [shopping/u14F0yOVQ1ee59ihTvUJUw] update_mapping [products]
[2017-04-25T22:36:29,090][INFO ][o.e.c.m.MetaDataMappingService] [_oN5iEd] [shopping/u14F0yOVQ1ee59ihTvUJUw] update_mapping [products]
[2017-04-25T22:36:32,628][INFO ][o.e.c.m.MetaDataMappingService] [_oN5iEd] [shopping/u14F0yOVQ1ee59ihTvUJUw] update_mapping [products]
[2017-04-25T22:36:33,937][INFO ][o.e.c.m.MetaDataMappingService] [_oN5iEd] [shopping/u14F0yOVQ1ee59ihTvUJUw] update_mapping [products]
[2017-04-25T22:36:51,816][INFO ][o.e.c.m.MetaDataMappingService] [_oN5iEd] [shopping/u14F0yOVQ1ee59ihTvUJUw] update_mapping [products]
[2017-04-25T22:37:00,272][INFO ][o.e.c.m.MetaDataMappingService] [_oN5iEd] [shopping/u14F0yOVQ1ee59ihTvUJUw] update_mapping [products]
